app/build/intermediates/manifest_merge_blame_file/debug/manifest-merger-blame-debug-report.txt
1<?xml version="1.0" encoding="utf-8"?>
2<manifest xmlns:android="http://schemas.android.com/apk/res/android"
3    package="com.example.tugas1dosen"
4    android:versionCode="1"
5    android:versionName="1.0" >
6
7    <uses-sdk
8        android:minSdkVersion="24"
8-->src\main\AndroidManifest.xml
9        android:targetSdkVersion="29" />
9-->src\main\AndroidManifest.xml
10
11    <application
11-->src\main\AndroidManifest.xml:5:5-36:19
12        android:allowBackup="true"
12-->src\main\AndroidManifest.xml:6:9-35
13        android:appComponentFactory="androidx.core.app.CoreComponentFactory"
13-->[androidx.core:core:1.0.1] AndroidManifest.xml:22:18-86
14        android:debuggable="true"
15        android:icon="@mipmap/ic_launcher"
15-->src\main\AndroidManifest.xml:7:9-43
16        android:label="Mobile Programming"
16-->src\main\AndroidManifest.xml:8:9-43
17        android:roundIcon="@mipmap/ic_launcher_round"
17-->src\main\AndroidManifest.xml:9:9-54
18        android:supportsRtl="true"
18-->src\main\AndroidManifest.xml:10:9-35
19        android:testOnly="true"
20        android:theme="@style/AppTheme" >
20-->src\main\AndroidManifest.xml:11:9-40
21        <activity
21-->src\main\AndroidManifest.xml:12:9-20:20
22            android:name="com.example.tugas1dosen.kontak"
22-->src\main\AndroidManifest.xml:13:13-35
23            android:label="Kontak Saya"
23-->src\main\AndroidManifest.xml:14:13-40
24            android:parentActivityName="com.example.tugas1dosen.MainActivity" >
24-->src\main\AndroidManifest.xml:15:13-55
25            <meta-data
25-->src\main\AndroidManifest.xml:16:13-19:25
26                android:name="android.support.PARENT_ACTIVITY"
26-->src\main\AndroidManifest.xml:17:17-63
27                android:value=".MainActivity" >
27-->src\main\AndroidManifest.xml:18:17-46
28            </meta-data>
29        </activity>
30        <activity
30-->src\main\AndroidManifest.xml:21:9-28:20
31            android:name="com.example.tugas1dosen.biodata"
31-->src\main\AndroidManifest.xml:22:13-36
32            android:label="Biodata Diri"
32-->src\main\AndroidManifest.xml:23:13-41
33            android:parentActivityName="com.example.tugas1dosen.MainActivity" >
33-->src\main\AndroidManifest.xml:24:13-55
34            <meta-data
34-->src\main\AndroidManifest.xml:16:13-19:25
35                android:name="android.support.PARENT_ACTIVITY"
35-->src\main\AndroidManifest.xml:17:17-63
36                android:value=".MainActivity" />
36-->src\main\AndroidManifest.xml:18:17-46
37        </activity>
38        <activity android:name="com.example.tugas1dosen.MainActivity" >
38-->src\main\AndroidManifest.xml:29:9-35:20
38-->src\main\AndroidManifest.xml:29:19-47
39            <intent-filter>
39-->src\main\AndroidManifest.xml:30:13-34:29
40                <action android:name="android.intent.action.MAIN" />
40-->src\main\AndroidManifest.xml:31:17-69
40-->src\main\AndroidManifest.xml:31:25-66
41
42                <category android:name="android.intent.category.LAUNCHER" />
42-->src\main\AndroidManifest.xml:33:17-77
42-->src\main\AndroidManifest.xml:33:27-74
43            </intent-filter>
44        </activity>
45    </application>
46
47</manifest>